info: Deciding next unit type for module 69a6cede4aa19ec6e08deea7
info: Generating complete unit for topic: JavaScript variables
info: Module 69a6cede4aa19ec6e08deea7 completed
info: Generating full course for topic: "DSA in java" (Beginner)
info: Generating full course for topic: "dsa in java" (Beginner)
info: Course created: 69c22ff36905439454dc029c
info: Deciding next unit type for module 69c22ff36905439454dc029c
info: Deciding next unit type for module 69c22ff36905439454dc029c
info: Generating read unit for topic: 69c22ff36905439454dc029c
info: Generating read unit for topic: 69c22ff36905439454dc029c
info: Unit created with type: read
info: Unit created with type: read
info: Deciding next unit type for module 69c22ff36905439454dc029c
info: Generating quiz unit for topic: 69c22ff36905439454dc029c
info: Unit created with type: quiz
info: Deciding next unit type for module 69c22ff36905439454dc029c
info: Generating complete unit for topic: 69c22ff36905439454dc029c
info: Module 69c22ff36905439454dc029c completed
info: Deciding next unit type for module 69c22ff36905439454dc029c
info: Generating complete unit for topic: 69c22ff36905439454dc029c
info: Module 69c22ff36905439454dc029c completed
info: Deciding next unit type for module 69c22ff36905439454dc029c
info: Generating complete unit for topic: 69c22ff36905439454dc029c
info: Module 69c22ff36905439454dc029c completed
info: Deciding next unit type for module 69c22ff36905439454dc029c
info: Generating complete unit for topic: 69c22ff36905439454dc029c
info: Module 69c22ff36905439454dc029c completed
